<?xml version="1.0" encoding="UTF-8"?>
<testsuite xmlns:xsi="http://www.w3.org/2001/XMLSchema-instance" xsi:noNamespaceSchemaLocation="https://maven.apache.org/surefire/maven-surefire-plugin/xsd/surefire-test-report-3.0.xsd" version="3.0" name="itech.telegram.bot.ApplicationTests" time="4.417" tests="1" errors="0" skipped="0" failures="0">
  <properties>
    <property name="java.specification.version" value="20"/>
    <property name="sun.jnu.encoding" value="UTF-8"/>
    <property name="java.class.path" value="/Users/fotiowilfried/SpringBoot/telegram.bot/target/test-classes:/Users/fotiowilfried/SpringBoot/telegram.bot/target/classes:/Users/fotiowilfried/.m2/repository/org/springframework/boot/spring-boot-starter-web/3.2.2/spring-boot-starter-web-3.2.2.jar:/Users/fotiowilfried/.m2/repository/org/springframework/boot/spring-boot-starter/3.2.2/spring-boot-starter-3.2.2.jar:/Users/fotiowilfried/.m2/repository/org/springframework/boot/spring-boot/3.2.2/spring-boot-3.2.2.jar:/Users/fotiowilfried/.m2/repository/org/springframework/boot/spring-boot-autoconfigure/3.2.2/spring-boot-autoconfigure-3.2.2.jar:/Users/fotiowilfried/.m2/repository/org/springframework/boot/spring-boot-starter-logging/3.2.2/spring-boot-starter-logging-3.2.2.jar:/Users/fotiowilfried/.m2/repository/ch/qos/logback/logback-classic/1.4.14/logback-classic-1.4.14.jar:/Users/fotiowilfried/.m2/repository/ch/qos/logback/logback-core/1.4.14/logback-core-1.4.14.jar:/Users/fotiowilfried/.m2/repository/org/apache/logging/log4j/log4j-to-slf4j/2.21.1/log4j-to-slf4j-2.21.1.jar:/Users/fotiowilfried/.m2/repository/org/apache/logging/log4j/log4j-api/2.21.1/log4j-api-2.21.1.jar:/Users/fotiowilfried/.m2/repository/org/slf4j/jul-to-slf4j/2.0.11/jul-to-slf4j-2.0.11.jar:/Users/fotiowilfried/.m2/repository/jakarta/annotation/jakarta.annotation-api/2.1.1/jakarta.annotation-api-2.1.1.jar:/Users/fotiowilfried/.m2/repository/org/yaml/snakeyaml/2.2/snakeyaml-2.2.jar:/Users/fotiowilfried/.m2/repository/org/springframework/boot/spring-boot-starter-json/3.2.2/spring-boot-starter-json-3.2.2.jar:/Users/fotiowilfried/.m2/repository/com/fasterxml/jackson/core/jackson-databind/2.15.3/jackson-databind-2.15.3.jar:/Users/fotiowilfried/.m2/repository/com/fasterxml/jackson/core/jackson-core/2.15.3/jackson-core-2.15.3.jar:/Users/fotiowilfried/.m2/repository/com/fasterxml/jackson/datatype/jackson-datatype-jdk8/2.15.3/jackson-datatype-jdk8-2.15.3.jar:/Users/fotiowilfried/.m2/repository/com/fasterxml/jackson/datatype/jackson-datatype-jsr310/2.15.3/jackson-datatype-jsr310-2.15.3.jar:/Users/fotiowilfried/.m2/repository/com/fasterxml/jackson/module/jackson-module-parameter-names/2.15.3/jackson-module-parameter-names-2.15.3.jar:/Users/fotiowilfried/.m2/repository/org/springframework/boot/spring-boot-starter-tomcat/3.2.2/spring-boot-starter-tomcat-3.2.2.jar:/Users/fotiowilfried/.m2/repository/org/apache/tomcat/embed/tomcat-embed-core/10.1.18/tomcat-embed-core-10.1.18.jar:/Users/fotiowilfried/.m2/repository/org/apache/tomcat/embed/tomcat-embed-el/10.1.18/tomcat-embed-el-10.1.18.jar:/Users/fotiowilfried/.m2/repository/org/apache/tomcat/embed/tomcat-embed-websocket/10.1.18/tomcat-embed-websocket-10.1.18.jar:/Users/fotiowilfried/.m2/repository/org/springframework/spring-web/6.1.3/spring-web-6.1.3.jar:/Users/fotiowilfried/.m2/repository/org/springframework/spring-beans/6.1.3/spring-beans-6.1.3.jar:/Users/fotiowilfried/.m2/repository/io/micrometer/micrometer-observation/1.12.2/micrometer-observation-1.12.2.jar:/Users/fotiowilfried/.m2/repository/io/micrometer/micrometer-commons/1.12.2/micrometer-commons-1.12.2.jar:/Users/fotiowilfried/.m2/repository/org/springframework/spring-webmvc/6.1.3/spring-webmvc-6.1.3.jar:/Users/fotiowilfried/.m2/repository/org/springframework/spring-aop/6.1.3/spring-aop-6.1.3.jar:/Users/fotiowilfried/.m2/repository/org/springframework/spring-context/6.1.3/spring-context-6.1.3.jar:/Users/fotiowilfried/.m2/repository/org/springframework/spring-expression/6.1.3/spring-expression-6.1.3.jar:/Users/fotiowilfried/.m2/repository/org/springframework/boot/spring-boot-starter-web-services/3.2.2/spring-boot-starter-web-services-3.2.2.jar:/Users/fotiowilfried/.m2/repository/com/sun/xml/messaging/saaj/saaj-impl/3.0.3/saaj-impl-3.0.3.jar:/Users/fotiowilfried/.m2/repository/jakarta/xml/soap/jakarta.xml.soap-api/3.0.1/jakarta.xml.soap-api-3.0.1.jar:/Users/fotiowilfried/.m2/repository/org/jvnet/staxex/stax-ex/2.1.0/stax-ex-2.1.0.jar:/Users/fotiowilfried/.m2/repository/jakarta/activation/jakarta.activation-api/2.1.2/jakarta.activation-api-2.1.2.jar:/Users/fotiowilfried/.m2/repository/org/eclipse/angus/angus-activation/2.0.1/angus-activation-2.0.1.jar:/Users/fotiowilfried/.m2/repository/jakarta/xml/ws/jakarta.xml.ws-api/4.0.1/jakarta.xml.ws-api-4.0.1.jar:/Users/fotiowilfried/.m2/repository/org/springframework/spring-oxm/6.1.3/spring-oxm-6.1.3.jar:/Users/fotiowilfried/.m2/repository/org/springframework/ws/spring-ws-core/4.0.10/spring-ws-core-4.0.10.jar:/Users/fotiowilfried/.m2/repository/org/springframework/ws/spring-xml/4.0.10/spring-xml-4.0.10.jar:/Users/fotiowilfried/.m2/repository/org/glassfish/jaxb/jaxb-runtime/4.0.4/jaxb-runtime-4.0.4.jar:/Users/fotiowilfried/.m2/repository/org/glassfish/jaxb/jaxb-core/4.0.4/jaxb-core-4.0.4.jar:/Users/fotiowilfried/.m2/repository/org/glassfish/jaxb/txw2/4.0.4/txw2-4.0.4.jar:/Users/fotiowilfried/.m2/repository/com/sun/istack/istack-commons-runtime/4.1.2/istack-commons-runtime-4.1.2.jar:/Users/fotiowilfried/.m2/repository/org/springframework/boot/spring-boot-starter-test/3.2.2/spring-boot-starter-test-3.2.2.jar:/Users/fotiowilfried/.m2/repository/org/springframework/boot/spring-boot-test/3.2.2/spring-boot-test-3.2.2.jar:/Users/fotiowilfried/.m2/repository/org/springframework/boot/spring-boot-test-autoconfigure/3.2.2/spring-boot-test-autoconfigure-3.2.2.jar:/Users/fotiowilfried/.m2/repository/com/jayway/jsonpath/json-path/2.8.0/json-path-2.8.0.jar:/Users/fotiowilfried/.m2/repository/jakarta/xml/bind/jakarta.xml.bind-api/4.0.1/jakarta.xml.bind-api-4.0.1.jar:/Users/fotiowilfried/.m2/repository/net/minidev/json-smart/2.5.0/json-smart-2.5.0.jar:/Users/fotiowilfried/.m2/repository/net/minidev/accessors-smart/2.5.0/accessors-smart-2.5.0.jar:/Users/fotiowilfried/.m2/repository/org/ow2/asm/asm/9.3/asm-9.3.jar:/Users/fotiowilfried/.m2/repository/org/assertj/assertj-core/3.24.2/assertj-core-3.24.2.jar:/Users/fotiowilfried/.m2/repository/net/bytebuddy/byte-buddy/1.14.11/byte-buddy-1.14.11.jar:/Users/fotiowilfried/.m2/repository/org/awaitility/awaitility/4.2.0/awaitility-4.2.0.jar:/Users/fotiowilfried/.m2/repository/org/hamcrest/hamcrest/2.2/hamcrest-2.2.jar:/Users/fotiowilfried/.m2/repository/org/junit/jupiter/junit-jupiter/5.10.1/junit-jupiter-5.10.1.jar:/Users/fotiowilfried/.m2/repository/org/junit/jupiter/junit-jupiter-api/5.10.1/junit-jupiter-api-5.10.1.jar:/Users/fotiowilfried/.m2/repository/org/opentest4j/opentest4j/1.3.0/opentest4j-1.3.0.jar:/Users/fotiowilfried/.m2/repository/org/junit/platform/junit-platform-commons/1.10.1/junit-platform-commons-1.10.1.jar:/Users/fotiowilfried/.m2/repository/org/apiguardian/apiguardian-api/1.1.2/apiguardian-api-1.1.2.jar:/Users/fotiowilfried/.m2/repository/org/junit/jupiter/junit-jupiter-params/5.10.1/junit-jupiter-params-5.10.1.jar:/Users/fotiowilfried/.m2/repository/org/junit/jupiter/junit-jupiter-engine/5.10.1/junit-jupiter-engine-5.10.1.jar:/Users/fotiowilfried/.m2/repository/org/junit/platform/junit-platform-engine/1.10.1/junit-platform-engine-1.10.1.jar:/Users/fotiowilfried/.m2/repository/org/mockito/mockito-core/5.7.0/mockito-core-5.7.0.jar:/Users/fotiowilfried/.m2/repository/net/bytebuddy/byte-buddy-agent/1.14.11/byte-buddy-agent-1.14.11.jar:/Users/fotiowilfried/.m2/repository/org/objenesis/objenesis/3.3/objenesis-3.3.jar:/Users/fotiowilfried/.m2/repository/org/mockito/mockito-junit-jupiter/5.7.0/mockito-junit-jupiter-5.7.0.jar:/Users/fotiowilfried/.m2/repository/org/skyscreamer/jsonassert/1.5.1/jsonassert-1.5.1.jar:/Users/fotiowilfried/.m2/repository/com/vaadin/external/google/android-json/0.0.20131108.vaadin1/android-json-0.0.20131108.vaadin1.jar:/Users/fotiowilfried/.m2/repository/org/springframework/spring-core/6.1.3/spring-core-6.1.3.jar:/Users/fotiowilfried/.m2/repository/org/springframework/spring-jcl/6.1.3/spring-jcl-6.1.3.jar:/Users/fotiowilfried/.m2/repository/org/springframework/spring-test/6.1.3/spring-test-6.1.3.jar:/Users/fotiowilfried/.m2/repository/org/xmlunit/xmlunit-core/2.9.1/xmlunit-core-2.9.1.jar:/Users/fotiowilfried/.m2/repository/org/telegram/telegrambots-abilities/6.7.0/telegrambots-abilities-6.7.0.jar:/Users/fotiowilfried/.m2/repository/org/telegram/telegrambots/6.7.0/telegrambots-6.7.0.jar:/Users/fotiowilfried/.m2/repository/org/telegram/telegrambots-meta/6.7.0/telegrambots-meta-6.7.0.jar:/Users/fotiowilfried/.m2/repository/com/fasterxml/jackson/core/jackson-annotations/2.15.3/jackson-annotations-2.15.3.jar:/Users/fotiowilfried/.m2/repository/com/fasterxml/jackson/jaxrs/jackson-jaxrs-json-provider/2.15.3/jackson-jaxrs-json-provider-2.15.3.jar:/Users/fotiowilfried/.m2/repository/com/fasterxml/jackson/jaxrs/jackson-jaxrs-base/2.15.3/jackson-jaxrs-base-2.15.3.jar:/Users/fotiowilfried/.m2/repository/com/fasterxml/jackson/module/jackson-module-jaxb-annotations/2.15.3/jackson-module-jaxb-annotations-2.15.3.jar:/Users/fotiowilfried/.m2/repository/org/glassfish/jersey/inject/jersey-hk2/3.1.5/jersey-hk2-3.1.5.jar:/Users/fotiowilfried/.m2/repository/org/glassfish/jersey/core/jersey-common/3.1.5/jersey-common-3.1.5.jar:/Users/fotiowilfried/.m2/repository/org/glassfish/hk2/osgi-resource-locator/1.0.3/osgi-resource-locator-1.0.3.jar:/Users/fotiowilfried/.m2/repository/org/glassfish/hk2/hk2-locator/3.0.5/hk2-locator-3.0.5.jar:/Users/fotiowilfried/.m2/repository/org/glassfish/hk2/external/aopalliance-repackaged/3.0.5/aopalliance-repackaged-3.0.5.jar:/Users/fotiowilfried/.m2/repository/org/glassfish/hk2/hk2-api/3.0.5/hk2-api-3.0.5.jar:/Users/fotiowilfried/.m2/repository/org/glassfish/hk2/hk2-utils/3.0.5/hk2-utils-3.0.5.jar:/Users/fotiowilfried/.m2/repository/org/javassist/javassist/3.29.2-GA/javassist-3.29.2-GA.jar:/Users/fotiowilfried/.m2/repository/org/glassfish/jersey/media/jersey-media-json-jackson/3.1.5/jersey-media-json-jackson-3.1.5.jar:/Users/fotiowilfried/.m2/repository/org/glassfish/jersey/ext/jersey-entity-filtering/3.1.5/jersey-entity-filtering-3.1.5.jar:/Users/fotiowilfried/.m2/repository/com/fasterxml/jackson/module/jackson-module-jakarta-xmlbind-annotations/2.15.3/jackson-module-jakarta-xmlbind-annotations-2.15.3.jar:/Users/fotiowilfried/.m2/repository/org/glassfish/jersey/containers/jersey-container-grizzly2-http/3.1.5/jersey-container-grizzly2-http-3.1.5.jar:/Users/fotiowilfried/.m2/repository/jakarta/inject/jakarta.inject-api/2.0.1/jakarta.inject-api-2.0.1.jar:/Users/fotiowilfried/.m2/repository/org/glassfish/grizzly/grizzly-http-server/4.0.1/grizzly-http-server-4.0.1.jar:/Users/fotiowilfried/.m2/repository/org/glassfish/grizzly/grizzly-http/4.0.1/grizzly-http-4.0.1.jar:/Users/fotiowilfried/.m2/repository/org/glassfish/grizzly/grizzly-framework/4.0.1/grizzly-framework-4.0.1.jar:/Users/fotiowilfried/.m2/repository/jakarta/ws/rs/jakarta.ws.rs-api/3.1.0/jakarta.ws.rs-api-3.1.0.jar:/Users/fotiowilfried/.m2/repository/org/glassfish/jersey/core/jersey-server/3.1.5/jersey-server-3.1.5.jar:/Users/fotiowilfried/.m2/repository/org/glassfish/jersey/core/jersey-client/3.1.5/jersey-client-3.1.5.jar:/Users/fotiowilfried/.m2/repository/jakarta/validation/jakarta.validation-api/3.0.2/jakarta.validation-api-3.0.2.jar:/Users/fotiowilfried/.m2/repository/org/apache/httpcomponents/httpclient/4.5.13/httpclient-4.5.13.jar:/Users/fotiowilfried/.m2/repository/org/apache/httpcomponents/httpcore/4.4.16/httpcore-4.4.16.jar:/Users/fotiowilfried/.m2/repository/commons-logging/commons-logging/1.2/commons-logging-1.2.jar:/Users/fotiowilfried/.m2/repository/commons-codec/commons-codec/1.16.0/commons-codec-1.16.0.jar:/Users/fotiowilfried/.m2/repository/org/apache/httpcomponents/httpmime/4.5.13/httpmime-4.5.13.jar:/Users/fotiowilfried/.m2/repository/commons-io/commons-io/2.11.0/commons-io-2.11.0.jar:/Users/fotiowilfried/.m2/repository/org/apache/commons/commons-lang3/3.13.0/commons-lang3-3.13.0.jar:/Users/fotiowilfried/.m2/repository/com/google/guava/guava/31.1-jre/guava-31.1-jre.jar:/Users/fotiowilfried/.m2/repository/com/google/guava/failureaccess/1.0.1/failureaccess-1.0.1.jar:/Users/fotiowilfried/.m2/repository/com/google/guava/listenablefuture/9999.0-empty-to-avoid-conflict-with-guava/listenablefuture-9999.0-empty-to-avoid-conflict-with-guava.jar:/Users/fotiowilfried/.m2/repository/com/google/code/findbugs/jsr305/3.0.2/jsr305-3.0.2.jar:/Users/fotiowilfried/.m2/repository/org/checkerframework/checker-qual/3.12.0/checker-qual-3.12.0.jar:/Users/fotiowilfried/.m2/repository/com/google/errorprone/error_prone_annotations/2.11.0/error_prone_annotations-2.11.0.jar:/Users/fotiowilfried/.m2/repository/com/google/j2objc/j2objc-annotations/1.3/j2objc-annotations-1.3.jar:/Users/fotiowilfried/.m2/repository/org/mapdb/mapdb/3.0.8/mapdb-3.0.8.jar:/Users/fotiowilfried/.m2/repository/org/jetbrains/kotlin/kotlin-stdlib/1.9.22/kotlin-stdlib-1.9.22.jar:/Users/fotiowilfried/.m2/repository/org/jetbrains/annotations/13.0/annotations-13.0.jar:/Users/fotiowilfried/.m2/repository/org/eclipse/collections/eclipse-collections-api/12.0.0.M3/eclipse-collections-api-12.0.0.M3.jar:/Users/fotiowilfried/.m2/repository/org/eclipse/collections/eclipse-collections/12.0.0.M3/eclipse-collections-12.0.0.M3.jar:/Users/fotiowilfried/.m2/repository/org/eclipse/collections/eclipse-collections-forkjoin/12.0.0.M3/eclipse-collections-forkjoin-12.0.0.M3.jar:/Users/fotiowilfried/.m2/repository/net/jpountz/lz4/lz4/1.3.0/lz4-1.3.0.jar:/Users/fotiowilfried/.m2/repository/org/mapdb/elsa/3.0.0-M5/elsa-3.0.0-M5.jar:/Users/fotiowilfried/.m2/repository/org/slf4j/slf4j-api/2.0.11/slf4j-api-2.0.11.jar:"/>
    <property name="java.vm.vendor" value="Oracle Corporation"/>
    <property name="sun.arch.data.model" value="64"/>
    <property name="java.vendor.url" value="https://java.oracle.com/"/>
    <property name="user.timezone" value="Africa/Douala"/>
    <property name="os.name" value="Mac OS X"/>
    <property name="java.vm.specification.version" value="20"/>
    <property name="sun.java.launcher" value="SUN_STANDARD"/>
    <property name="user.country" value="CM"/>
    <property name="sun.boot.library.path" value="/Users/fotiowilfried/Library/Java/JavaVirtualMachines/openjdk-20.0.1/Contents/Home/lib"/>
    <property name="sun.java.command" value="/Users/fotiowilfried/SpringBoot/telegram.bot/target/surefire/surefirebooter-20240210160913098_3.jar /Users/fotiowilfried/SpringBoot/telegram.bot/target/surefire 2024-02-10T16-09-12_965-jvmRun1 surefire-20240210160913098_1tmp surefire_0-20240210160913098_2tmp"/>
    <property name="http.nonProxyHosts" value="local|*.local|169.254/16|*.169.254/16"/>
    <property name="jdk.debug" value="release"/>
    <property name="surefire.test.class.path" value="/Users/fotiowilfried/SpringBoot/telegram.bot/target/test-classes:/Users/fotiowilfried/SpringBoot/telegram.bot/target/classes:/Users/fotiowilfried/.m2/repository/org/springframework/boot/spring-boot-starter-web/3.2.2/spring-boot-starter-web-3.2.2.jar:/Users/fotiowilfried/.m2/repository/org/springframework/boot/spring-boot-starter/3.2.2/spring-boot-starter-3.2.2.jar:/Users/fotiowilfried/.m2/repository/org/springframework/boot/spring-boot/3.2.2/spring-boot-3.2.2.jar:/Users/fotiowilfried/.m2/repository/org/springframework/boot/spring-boot-autoconfigure/3.2.2/spring-boot-autoconfigure-3.2.2.jar:/Users/fotiowilfried/.m2/repository/org/springframework/boot/spring-boot-starter-logging/3.2.2/spring-boot-starter-logging-3.2.2.jar:/Users/fotiowilfried/.m2/repository/ch/qos/logback/logback-classic/1.4.14/logback-classic-1.4.14.jar:/Users/fotiowilfried/.m2/repository/ch/qos/logback/logback-core/1.4.14/logback-core-1.4.14.jar:/Users/fotiowilfried/.m2/repository/org/apache/logging/log4j/log4j-to-slf4j/2.21.1/log4j-to-slf4j-2.21.1.jar:/Users/fotiowilfried/.m2/repository/org/apache/logging/log4j/log4j-api/2.21.1/log4j-api-2.21.1.jar:/Users/fotiowilfried/.m2/repository/org/slf4j/jul-to-slf4j/2.0.11/jul-to-slf4j-2.0.11.jar:/Users/fotiowilfried/.m2/repository/jakarta/annotation/jakarta.annotation-api/2.1.1/jakarta.annotation-api-2.1.1.jar:/Users/fotiowilfried/.m2/repository/org/yaml/snakeyaml/2.2/snakeyaml-2.2.jar:/Users/fotiowilfried/.m2/repository/org/springframework/boot/spring-boot-starter-json/3.2.2/spring-boot-starter-json-3.2.2.jar:/Users/fotiowilfried/.m2/repository/com/fasterxml/jackson/core/jackson-databind/2.15.3/jackson-databind-2.15.3.jar:/Users/fotiowilfried/.m2/repository/com/fasterxml/jackson/core/jackson-core/2.15.3/jackson-core-2.15.3.jar:/Users/fotiowilfried/.m2/repository/com/fasterxml/jackson/datatype/jackson-datatype-jdk8/2.15.3/jackson-datatype-jdk8-2.15.3.jar:/Users/fotiowilfried/.m2/repository/com/fasterxml/jackson/datatype/jackson-datatype-jsr310/2.15.3/jackson-datatype-jsr310-2.15.3.jar:/Users/fotiowilfried/.m2/repository/com/fasterxml/jackson/module/jackson-module-parameter-names/2.15.3/jackson-module-parameter-names-2.15.3.jar:/Users/fotiowilfried/.m2/repository/org/springframework/boot/spring-boot-starter-tomcat/3.2.2/spring-boot-starter-tomcat-3.2.2.jar:/Users/fotiowilfried/.m2/repository/org/apache/tomcat/embed/tomcat-embed-core/10.1.18/tomcat-embed-core-10.1.18.jar:/Users/fotiowilfried/.m2/repository/org/apache/tomcat/embed/tomcat-embed-el/10.1.18/tomcat-embed-el-10.1.18.jar:/Users/fotiowilfried/.m2/repository/org/apache/tomcat/embed/tomcat-embed-websocket/10.1.18/tomcat-embed-websocket-10.1.18.jar:/Users/fotiowilfried/.m2/repository/org/springframework/spring-web/6.1.3/spring-web-6.1.3.jar:/Users/fotiowilfried/.m2/repository/org/springframework/spring-beans/6.1.3/spring-beans-6.1.3.jar:/Users/fotiowilfried/.m2/repository/io/micrometer/micrometer-observation/1.12.2/micrometer-observation-1.12.2.jar:/Users/fotiowilfried/.m2/repository/io/micrometer/micrometer-commons/1.12.2/micrometer-commons-1.12.2.jar:/Users/fotiowilfried/.m2/repository/org/springframework/spring-webmvc/6.1.3/spring-webmvc-6.1.3.jar:/Users/fotiowilfried/.m2/repository/org/springframework/spring-aop/6.1.3/spring-aop-6.1.3.jar:/Users/fotiowilfried/.m2/repository/org/springframework/spring-context/6.1.3/spring-context-6.1.3.jar:/Users/fotiowilfried/.m2/repository/org/springframework/spring-expression/6.1.3/spring-expression-6.1.3.jar:/Users/fotiowilfried/.m2/repository/org/springframework/boot/spring-boot-starter-web-services/3.2.2/spring-boot-starter-web-services-3.2.2.jar:/Users/fotiowilfried/.m2/repository/com/sun/xml/messaging/saaj/saaj-impl/3.0.3/saaj-impl-3.0.3.jar:/Users/fotiowilfried/.m2/repository/jakarta/xml/soap/jakarta.xml.soap-api/3.0.1/jakarta.xml.soap-api-3.0.1.jar:/Users/fotiowilfried/.m2/repository/org/jvnet/staxex/stax-ex/2.1.0/stax-ex-2.1.0.jar:/Users/fotiowilfried/.m2/repository/jakarta/activation/jakarta.activation-api/2.1.2/jakarta.activation-api-2.1.2.jar:/Users/fotiowilfried/.m2/repository/org/eclipse/angus/angus-activation/2.0.1/angus-activation-2.0.1.jar:/Users/fotiowilfried/.m2/repository/jakarta/xml/ws/jakarta.xml.ws-api/4.0.1/jakarta.xml.ws-api-4.0.1.jar:/Users/fotiowilfried/.m2/repository/org/springframework/spring-oxm/6.1.3/spring-oxm-6.1.3.jar:/Users/fotiowilfried/.m2/repository/org/springframework/ws/spring-ws-core/4.0.10/spring-ws-core-4.0.10.jar:/Users/fotiowilfried/.m2/repository/org/springframework/ws/spring-xml/4.0.10/spring-xml-4.0.10.jar:/Users/fotiowilfried/.m2/repository/org/glassfish/jaxb/jaxb-runtime/4.0.4/jaxb-runtime-4.0.4.jar:/Users/fotiowilfried/.m2/repository/org/glassfish/jaxb/jaxb-core/4.0.4/jaxb-core-4.0.4.jar:/Users/fotiowilfried/.m2/repository/org/glassfish/jaxb/txw2/4.0.4/txw2-4.0.4.jar:/Users/fotiowilfried/.m2/repository/com/sun/istack/istack-commons-runtime/4.1.2/istack-commons-runtime-4.1.2.jar:/Users/fotiowilfried/.m2/repository/org/springframework/boot/spring-boot-starter-test/3.2.2/spring-boot-starter-test-3.2.2.jar:/Users/fotiowilfried/.m2/repository/org/springframework/boot/spring-boot-test/3.2.2/spring-boot-test-3.2.2.jar:/Users/fotiowilfried/.m2/repository/org/springframework/boot/spring-boot-test-autoconfigure/3.2.2/spring-boot-test-autoconfigure-3.2.2.jar:/Users/fotiowilfried/.m2/repository/com/jayway/jsonpath/json-path/2.8.0/json-path-2.8.0.jar:/Users/fotiowilfried/.m2/repository/jakarta/xml/bind/jakarta.xml.bind-api/4.0.1/jakarta.xml.bind-api-4.0.1.jar:/Users/fotiowilfried/.m2/repository/net/minidev/json-smart/2.5.0/json-smart-2.5.0.jar:/Users/fotiowilfried/.m2/repository/net/minidev/accessors-smart/2.5.0/accessors-smart-2.5.0.jar:/Users/fotiowilfried/.m2/repository/org/ow2/asm/asm/9.3/asm-9.3.jar:/Users/fotiowilfried/.m2/repository/org/assertj/assertj-core/3.24.2/assertj-core-3.24.2.jar:/Users/fotiowilfried/.m2/repository/net/bytebuddy/byte-buddy/1.14.11/byte-buddy-1.14.11.jar:/Users/fotiowilfried/.m2/repository/org/awaitility/awaitility/4.2.0/awaitility-4.2.0.jar:/Users/fotiowilfried/.m2/repository/org/hamcrest/hamcrest/2.2/hamcrest-2.2.jar:/Users/fotiowilfried/.m2/repository/org/junit/jupiter/junit-jupiter/5.10.1/junit-jupiter-5.10.1.jar:/Users/fotiowilfried/.m2/repository/org/junit/jupiter/junit-jupiter-api/5.10.1/junit-jupiter-api-5.10.1.jar:/Users/fotiowilfried/.m2/repository/org/opentest4j/opentest4j/1.3.0/opentest4j-1.3.0.jar:/Users/fotiowilfried/.m2/repository/org/junit/platform/junit-platform-commons/1.10.1/junit-platform-commons-1.10.1.jar:/Users/fotiowilfried/.m2/repository/org/apiguardian/apiguardian-api/1.1.2/apiguardian-api-1.1.2.jar:/Users/fotiowilfried/.m2/repository/org/junit/jupiter/junit-jupiter-params/5.10.1/junit-jupiter-params-5.10.1.jar:/Users/fotiowilfried/.m2/repository/org/junit/jupiter/junit-jupiter-engine/5.10.1/junit-jupiter-engine-5.10.1.jar:/Users/fotiowilfried/.m2/repository/org/junit/platform/junit-platform-engine/1.10.1/junit-platform-engine-1.10.1.jar:/Users/fotiowilfried/.m2/repository/org/mockito/mockito-core/5.7.0/mockito-core-5.7.0.jar:/Users/fotiowilfried/.m2/repository/net/bytebuddy/byte-buddy-agent/1.14.11/byte-buddy-agent-1.14.11.jar:/Users/fotiowilfried/.m2/repository/org/objenesis/objenesis/3.3/objenesis-3.3.jar:/Users/fotiowilfried/.m2/repository/org/mockito/mockito-junit-jupiter/5.7.0/mockito-junit-jupiter-5.7.0.jar:/Users/fotiowilfried/.m2/repository/org/skyscreamer/jsonassert/1.5.1/jsonassert-1.5.1.jar:/Users/fotiowilfried/.m2/repository/com/vaadin/external/google/android-json/0.0.20131108.vaadin1/android-json-0.0.20131108.vaadin1.jar:/Users/fotiowilfried/.m2/repository/org/springframework/spring-core/6.1.3/spring-core-6.1.3.jar:/Users/fotiowilfried/.m2/repository/org/springframework/spring-jcl/6.1.3/spring-jcl-6.1.3.jar:/Users/fotiowilfried/.m2/repository/org/springframework/spring-test/6.1.3/spring-test-6.1.3.jar:/Users/fotiowilfried/.m2/repository/org/xmlunit/xmlunit-core/2.9.1/xmlunit-core-2.9.1.jar:/Users/fotiowilfried/.m2/repository/org/telegram/telegrambots-abilities/6.7.0/telegrambots-abilities-6.7.0.jar:/Users/fotiowilfried/.m2/repository/org/telegram/telegrambots/6.7.0/telegrambots-6.7.0.jar:/Users/fotiowilfried/.m2/repository/org/telegram/telegrambots-meta/6.7.0/telegrambots-meta-6.7.0.jar:/Users/fotiowilfried/.m2/repository/com/fasterxml/jackson/core/jackson-annotations/2.15.3/jackson-annotations-2.15.3.jar:/Users/fotiowilfried/.m2/repository/com/fasterxml/jackson/jaxrs/jackson-jaxrs-json-provider/2.15.3/jackson-jaxrs-json-provider-2.15.3.jar:/Users/fotiowilfried/.m2/repository/com/fasterxml/jackson/jaxrs/jackson-jaxrs-base/2.15.3/jackson-jaxrs-base-2.15.3.jar:/Users/fotiowilfried/.m2/repository/com/fasterxml/jackson/module/jackson-module-jaxb-annotations/2.15.3/jackson-module-jaxb-annotations-2.15.3.jar:/Users/fotiowilfried/.m2/repository/org/glassfish/jersey/inject/jersey-hk2/3.1.5/jersey-hk2-3.1.5.jar:/Users/fotiowilfried/.m2/repository/org/glassfish/jersey/core/jersey-common/3.1.5/jersey-common-3.1.5.jar:/Users/fotiowilfried/.m2/repository/org/glassfish/hk2/osgi-resource-locator/1.0.3/osgi-resource-locator-1.0.3.jar:/Users/fotiowilfried/.m2/repository/org/glassfish/hk2/hk2-locator/3.0.5/hk2-locator-3.0.5.jar:/Users/fotiowilfried/.m2/repository/org/glassfish/hk2/external/aopalliance-repackaged/3.0.5/aopalliance-repackaged-3.0.5.jar:/Users/fotiowilfried/.m2/repository/org/glassfish/hk2/hk2-api/3.0.5/hk2-api-3.0.5.jar:/Users/fotiowilfried/.m2/repository/org/glassfish/hk2/hk2-utils/3.0.5/hk2-utils-3.0.5.jar:/Users/fotiowilfried/.m2/repository/org/javassist/javassist/3.29.2-GA/javassist-3.29.2-GA.jar:/Users/fotiowilfried/.m2/repository/org/glassfish/jersey/media/jersey-media-json-jackson/3.1.5/jersey-media-json-jackson-3.1.5.jar:/Users/fotiowilfried/.m2/repository/org/glassfish/jersey/ext/jersey-entity-filtering/3.1.5/jersey-entity-filtering-3.1.5.jar:/Users/fotiowilfried/.m2/repository/com/fasterxml/jackson/module/jackson-module-jakarta-xmlbind-annotations/2.15.3/jackson-module-jakarta-xmlbind-annotations-2.15.3.jar:/Users/fotiowilfried/.m2/repository/org/glassfish/jersey/containers/jersey-container-grizzly2-http/3.1.5/jersey-container-grizzly2-http-3.1.5.jar:/Users/fotiowilfried/.m2/repository/jakarta/inject/jakarta.inject-api/2.0.1/jakarta.inject-api-2.0.1.jar:/Users/fotiowilfried/.m2/repository/org/glassfish/grizzly/grizzly-http-server/4.0.1/grizzly-http-server-4.0.1.jar:/Users/fotiowilfried/.m2/repository/org/glassfish/grizzly/grizzly-http/4.0.1/grizzly-http-4.0.1.jar:/Users/fotiowilfried/.m2/repository/org/glassfish/grizzly/grizzly-framework/4.0.1/grizzly-framework-4.0.1.jar:/Users/fotiowilfried/.m2/repository/jakarta/ws/rs/jakarta.ws.rs-api/3.1.0/jakarta.ws.rs-api-3.1.0.jar:/Users/fotiowilfried/.m2/repository/org/glassfish/jersey/core/jersey-server/3.1.5/jersey-server-3.1.5.jar:/Users/fotiowilfried/.m2/repository/org/glassfish/jersey/core/jersey-client/3.1.5/jersey-client-3.1.5.jar:/Users/fotiowilfried/.m2/repository/jakarta/validation/jakarta.validation-api/3.0.2/jakarta.validation-api-3.0.2.jar:/Users/fotiowilfried/.m2/repository/org/apache/httpcomponents/httpclient/4.5.13/httpclient-4.5.13.jar:/Users/fotiowilfried/.m2/repository/org/apache/httpcomponents/httpcore/4.4.16/httpcore-4.4.16.jar:/Users/fotiowilfried/.m2/repository/commons-logging/commons-logging/1.2/commons-logging-1.2.jar:/Users/fotiowilfried/.m2/repository/commons-codec/commons-codec/1.16.0/commons-codec-1.16.0.jar:/Users/fotiowilfried/.m2/repository/org/apache/httpcomponents/httpmime/4.5.13/httpmime-4.5.13.jar:/Users/fotiowilfried/.m2/repository/commons-io/commons-io/2.11.0/commons-io-2.11.0.jar:/Users/fotiowilfried/.m2/repository/org/apache/commons/commons-lang3/3.13.0/commons-lang3-3.13.0.jar:/Users/fotiowilfried/.m2/repository/com/google/guava/guava/31.1-jre/guava-31.1-jre.jar:/Users/fotiowilfried/.m2/repository/com/google/guava/failureaccess/1.0.1/failureaccess-1.0.1.jar:/Users/fotiowilfried/.m2/repository/com/google/guava/listenablefuture/9999.0-empty-to-avoid-conflict-with-guava/listenablefuture-9999.0-empty-to-avoid-conflict-with-guava.jar:/Users/fotiowilfried/.m2/repository/com/google/code/findbugs/jsr305/3.0.2/jsr305-3.0.2.jar:/Users/fotiowilfried/.m2/repository/org/checkerframework/checker-qual/3.12.0/checker-qual-3.12.0.jar:/Users/fotiowilfried/.m2/repository/com/google/errorprone/error_prone_annotations/2.11.0/error_prone_annotations-2.11.0.jar:/Users/fotiowilfried/.m2/repository/com/google/j2objc/j2objc-annotations/1.3/j2objc-annotations-1.3.jar:/Users/fotiowilfried/.m2/repository/org/mapdb/mapdb/3.0.8/mapdb-3.0.8.jar:/Users/fotiowilfried/.m2/repository/org/jetbrains/kotlin/kotlin-stdlib/1.9.22/kotlin-stdlib-1.9.22.jar:/Users/fotiowilfried/.m2/repository/org/jetbrains/annotations/13.0/annotations-13.0.jar:/Users/fotiowilfried/.m2/repository/org/eclipse/collections/eclipse-collections-api/12.0.0.M3/eclipse-collections-api-12.0.0.M3.jar:/Users/fotiowilfried/.m2/repository/org/eclipse/collections/eclipse-collections/12.0.0.M3/eclipse-collections-12.0.0.M3.jar:/Users/fotiowilfried/.m2/repository/org/eclipse/collections/eclipse-collections-forkjoin/12.0.0.M3/eclipse-collections-forkjoin-12.0.0.M3.jar:/Users/fotiowilfried/.m2/repository/net/jpountz/lz4/lz4/1.3.0/lz4-1.3.0.jar:/Users/fotiowilfried/.m2/repository/org/mapdb/elsa/3.0.0-M5/elsa-3.0.0-M5.jar:/Users/fotiowilfried/.m2/repository/org/slf4j/slf4j-api/2.0.11/slf4j-api-2.0.11.jar:"/>
    <property name="sun.cpu.endian" value="little"/>
    <property name="user.home" value="/Users/fotiowilfried"/>
    <property name="user.language" value="en"/>
    <property name="java.specification.vendor" value="Oracle Corporation"/>
    <property name="java.version.date" value="2023-04-18"/>
    <property name="java.home" value="/Users/fotiowilfried/Library/Java/JavaVirtualMachines/openjdk-20.0.1/Contents/Home"/>
    <property name="file.separator" value="/"/>
    <property name="basedir" value="/Users/fotiowilfried/SpringBoot/telegram.bot"/>
    <property name="java.vm.compressedOopsMode" value="Zero based"/>
    <property name="line.separator" value="&#10;"/>
    <property name="java.vm.specification.vendor" value="Oracle Corporation"/>
    <property name="java.specification.name" value="Java Platform API Specification"/>
    <property name="FILE_LOG_CHARSET" value="UTF-8"/>
    <property name="java.awt.headless" value="true"/>
    <property name="apple.awt.application.name" value="ForkedBooter"/>
    <property name="surefire.real.class.path" value="/Users/fotiowilfried/SpringBoot/telegram.bot/target/surefire/surefirebooter-20240210160913098_3.jar"/>
    <property name="sun.management.compiler" value="HotSpot 64-Bit Tiered Compilers"/>
    <property name="ftp.nonProxyHosts" value="local|*.local|169.254/16|*.169.254/16"/>
    <property name="java.runtime.version" value="20.0.1+9-29"/>
    <property name="user.name" value="fotiowilfried"/>
    <property name="stdout.encoding" value="UTF-8"/>
    <property name="path.separator" value=":"/>
    <property name="os.version" value="12.7"/>
    <property name="java.runtime.name" value="OpenJDK Runtime Environment"/>
    <property name="file.encoding" value="UTF-8"/>
    <property name="java.vm.name" value="OpenJDK 64-Bit Server VM"/>
    <property name="localRepository" value="/Users/fotiowilfried/.m2/repository"/>
    <property name="java.vendor.url.bug" value="https://bugreport.java.com/bugreport/"/>
    <property name="java.io.tmpdir" value="/var/folders/9q/m5vm_xbx6t9dbmsqffnwn8kc0000gp/T/"/>
    <property name="idea.version" value="2022.3.1"/>
    <property name="java.version" value="20.0.1"/>
    <property name="user.dir" value="/Users/fotiowilfried/SpringBoot/telegram.bot"/>
    <property name="os.arch" value="x86_64"/>
    <property name="java.vm.specification.name" value="Java Virtual Machine Specification"/>
    <property name="PID" value="4107"/>
    <property name="CONSOLE_LOG_CHARSET" value="UTF-8"/>
    <property name="native.encoding" value="UTF-8"/>
    <property name="java.library.path" value="/Users/fotiowilfried/Library/Java/Extensions:/Library/Java/Extensions:/Network/Library/Java/Extensions:/System/Library/Java/Extensions:/usr/lib/java:."/>
    <property name="java.vm.info" value="mixed mode, sharing"/>
    <property name="stderr.encoding" value="UTF-8"/>
    <property name="java.vendor" value="Oracle Corporation"/>
    <property name="java.vm.version" value="20.0.1+9-29"/>
    <property name="sun.io.unicode.encoding" value="UnicodeBig"/>
    <property name="socksNonProxyHosts" value="local|*.local|169.254/16|*.169.254/16"/>
    <property name="java.class.version" value="64.0"/>
  </properties>
  <testcase name="contextLoads" classname="itech.telegram.bot.ApplicationTests" time="0.918">
    <system-out><![CDATA[16:09:14.061 [main] INFO org.springframework.test.context.support.AnnotationConfigContextLoaderUtils -- Could not detect default configuration classes for test class [itech.telegram.bot.ApplicationTests]: ApplicationTests does not declare any static, non-private, non-final, nested classes annotated with @Configuration.
16:09:14.159 [main] INFO org.springframework.boot.test.context.SpringBootTestContextBootstrapper -- Found @SpringBootConfiguration itech.telegram.bot.Application for test class itech.telegram.bot.ApplicationTests

  .   ____          _            __ _ _
 /\\ / ___'_ __ _ _(_)_ __  __ _ \ \ \ \
( ( )\___ | '_ | '_| | '_ \/ _` | \ \ \ \
 \\/  ___)| |_)| | | | | || (_| |  ) ) ) )
  '  |____| .__|_| |_|_| |_\__, | / / / /
 =========|_|==============|___/=/_/_/_/
 :: Spring Boot ::                (v3.2.2)

2024-02-10T16:09:14.566+01:00  INFO 4107 --- [           main] itech.telegram.bot.ApplicationTests      : Starting ApplicationTests using Java 20.0.1 with PID 4107 (started by fotiowilfried in /Users/fotiowilfried/SpringBoot/telegram.bot)
2024-02-10T16:09:14.568+01:00  INFO 4107 --- [           main] itech.telegram.bot.ApplicationTests      : No active profile set, falling back to 1 default profile: "default"
2024-02-10T16:09:15.486+01:00  WARN 4107 --- [           main] trationDelegate$BeanPostProcessorChecker : Bean 'org.springframework.ws.config.annotation.DelegatingWsConfiguration' of type [org.springframework.ws.config.annotation.DelegatingWsConfiguration$$SpringCGLIB$$0] is not eligible for getting processed by all BeanPostProcessors (for example: not eligible for auto-proxying). The currently created BeanPostProcessor [annotationActionEndpointMapping] is declared through a non-static factory method on that class; consider declaring it as static instead.
2024-02-10T16:09:15.523+01:00  INFO 4107 --- [           main] .w.s.a.s.AnnotationActionEndpointMapping : Supporting [WS-Addressing August 2004, WS-Addressing 1.0]
2024-02-10T16:09:17.364+01:00  INFO 4107 --- [           main] itech.telegram.bot.ApplicationTests      : Started ApplicationTests in 3.073 seconds (process running for 4.133)
]]></system-out>
  </testcase>
</testsuite>